2017-10-26 15:04:20 AbstractTest [INFO] 
============= Test configuration =============
url=http://www.qaprosoft.com
env=DEMO
env_arg_resolver=com.qaprosoft.carina.core.foundation.utils.DefaultEnvArgResolver
develop=false
platform=*
browser=chrome
browser_version=*
selenium_host=http://localhost:4444/wd/hub
driver_mode=method_mode
max_driver_count=3
custom_capabilities=
extra_capabilities=
app_version=
proxy_host=
proxy_port=
proxy_protocols=http,https,ftp
browsermob_proxy=false
browsermob_port=0
proxy_set_to_system=true
report_url=
email_list=
failure_email_list=
track_known_issues=false
auto_screenshot=true
smart_screenshot=false
implicit_timeout=10
explicit_timeout=20
auto_download=false
auto_download_apps=
retry_interval=5
project_report_directory=./reports/qa
max_screen_history=10
result_sorting=true
keep_all_screenshots=false
big_screen_width=-1
big_screen_height=-1
small_screen_width=90
small_screen_height=60
sender_email=
sender_pswd=
init_retry_count=2
init_retry_interval=1
retry_count=0
enable_l10n=true
locale=en_US
enable_i18n=true
language=en_US
thread_count=1
data_provider_thread_count=-1
core_log_level=INFO
log_all_json=true
date_format=HH:mm:ss yyyy-MM-dd
time_format=HH:mm:ss
is_api=false
load_settings=1-1-1
suite_name=
ci_run_id=
ci_url=http://localhost:8080/job/carina-demo
ci_build=1
ci_build_cause=MANUALTRIGGER
ci_parent_url=
ci_parent_build=
ci_user_id=
ci_user_first_name=
ci_user_last_name=
ci_user_email=
jira_updater=com.qaprosoft.carina.core.foundation.jira.DefaultJiraUpdater
jira_url=
jira_user=
jira_password=
jira_suite_id=
jira_project=
jira_project_short=
jira_create_new_ticket=false
mobile_app_preupgrade=
mobile_app_uninstall=FALSE
mobile_app_install=FALSE
mobile_app_clear_cache=FALSE
mobile_appium_restart=FALSE
mobile_tools_home=/opt/tools/selenium
mobile_screen_switcher=false
video_recording=false
adb_host=
adb_port=
testrail_url=
testrail_user=
testrail_password=
testrail_updater=com.qaprosoft.carina.core.foundation.report.testrail.EmptyTestRailUpdater
testrail_milestone=
testrail_assignee=
git_branch=
git_commit=
git_url=
unique_testrun_fields=
s3_bucket_name=
access_key_id=
secret_key=
s3_local_storage=.
s3_screenshot_bucket_name=
s3_save_screenshots=FALSE
hockeyapp_token=
hockeyapp_local_storage=.
add_new_localization=false
add_new_localization_path=
add_new_localization_property_name=new_custom_messages_
cucumber_tests=
cucumber_tests_app_version=
cucumber_tests_name=
cucumber_tests_results_image_resize=30
cucumber_user_js_in_report=
cucumber_report_subfolder=cucumber-html-reports
tls_keysecure_location=
health_check_class=
health_check_methods=

------------- Driver capabilities -----------
================================================

2017-10-26 15:04:24 Messager [INFO] 
======================================================================================================================================
INFO: TEST [AB0001 - Default test - filterCars] STARTED at [15:04:24 2017-10-26]
2017-10-26 15:04:29 DriverPool [ERROR] Driver initialization 'default' FAILED for selenium: http://localhost:4444/wd/hub! Retry 1 of 3 time - Could not start a new session. Possible causes are invalid address of the remote server or browser start-up failure.
Build info: version: '3.4.0', revision: 'unknown', time: 'unknown'
System info: host: 'WIN-E7AMHRVO9MD', ip: '100.124.102.60', os.name: 'Windows 7', os.arch: 'x86', os.version: '6.1', java.version: '1.8.0_131'
Driver info: driver.version: RemoteWebDriver
org.openqa.selenium.remote.UnreachableBrowserException: Could not start a new session. Possible causes are invalid address of the remote server or browser start-up failure.
Build info: version: '3.4.0', revision: 'unknown', time: 'unknown'
System info: host: 'WIN-E7AMHRVO9MD', ip: '100.124.102.60', os.name: 'Windows 7', os.arch: 'x86', os.version: '6.1', java.version: '1.8.0_131'
Driver info: driver.version: RemoteWebDriver
	at org.openqa.selenium.remote.RemoteWebDriver.execute(RemoteWebDriver.java:658)
	at org.openqa.selenium.remote.RemoteWebDriver.startSession(RemoteWebDriver.java:250)
	at org.openqa.selenium.remote.RemoteWebDriver.startSession(RemoteWebDriver.java:236)
	at org.openqa.selenium.remote.RemoteWebDriver.<init>(RemoteWebDriver.java:137)
	at org.openqa.selenium.remote.RemoteWebDriver.<init>(RemoteWebDriver.java:174)
	at com.qaprosoft.carina.core.foundation.webdriver.core.factory.impl.DesktopFactory.create(DesktopFactory.java:43)
	at com.qaprosoft.carina.core.foundation.webdriver.DriverFactory.create(DriverFactory.java:110)
	at com.qaprosoft.carina.core.foundation.webdriver.DriverFactory.create(DriverFactory.java:96)
	at com.qaprosoft.carina.core.foundation.webdriver.DriverPool.createDriver(DriverPool.java:310)
	at com.qaprosoft.carina.core.foundation.webdriver.DriverPool.getDriver(DriverPool.java:147)
	at com.qaprosoft.carina.core.foundation.webdriver.DriverPool.getDriver(DriverPool.java:99)
	at com.qaprosoft.carina.core.foundation.AbstractTest.getDriver(AbstractTest.java:711)
	at com.qaprosoft.carina.core.foundation.AbstractTest.getDriver(AbstractTest.java:707)
	at com.qaprosoft.carina.demo.testAutoBaraholka.filterCars(testAutoBaraholka.java:34)
	at sun.reflect.NativeMethodAccessorImpl.invoke0(Native Method)
	at sun.reflect.NativeMethodAccessorImpl.invoke(NativeMethodAccessorImpl.java:62)
	at sun.reflect.DelegatingMethodAccessorImpl.invoke(DelegatingMethodAccessorImpl.java:43)
	at java.lang.reflect.Method.invoke(Method.java:498)
	at org.testng.internal.MethodInvocationHelper.invokeMethod(MethodInvocationHelper.java:84)
	at org.testng.internal.Invoker.invokeMethod(Invoker.java:714)
	at org.testng.internal.Invoker.invokeTestMethod(Invoker.java:901)
	at org.testng.internal.Invoker.invokeTestMethods(Invoker.java:1231)
	at org.testng.internal.TestMethodWorker.invokeTestMethods(TestMethodWorker.java:127)
	at org.testng.internal.TestMethodWorker.run(TestMethodWorker.java:111)
	at org.testng.TestRunner.privateRun(TestRunner.java:767)
	at org.testng.TestRunner.run(TestRunner.java:617)
	at org.testng.SuiteRunner.runTest(SuiteRunner.java:348)
	at org.testng.SuiteRunner.runSequentially(SuiteRunner.java:343)
	at org.testng.SuiteRunner.privateRun(SuiteRunner.java:305)
	at org.testng.SuiteRunner.run(SuiteRunner.java:254)
	at org.testng.SuiteRunnerWorker.runSuite(SuiteRunnerWorker.java:52)
	at org.testng.SuiteRunnerWorker.run(SuiteRunnerWorker.java:86)
	at org.testng.TestNG.runSuitesSequentially(TestNG.java:1224)
	at org.testng.TestNG.runSuitesLocally(TestNG.java:1149)
	at org.testng.TestNG.run(TestNG.java:1057)
	at org.testng.remote.AbstractRemoteTestNG.run(AbstractRemoteTestNG.java:114)
	at org.testng.remote.RemoteTestNG.initAndRun(RemoteTestNG.java:251)
	at org.testng.remote.RemoteTestNG.main(RemoteTestNG.java:77)
Caused by: org.apache.http.conn.HttpHostConnectException: Connect to localhost:4444 [localhost/127.0.0.1] failed: Connection refused: connect
	at org.apache.http.impl.conn.DefaultHttpClientConnectionOperator.connect(DefaultHttpClientConnectionOperator.java:151)
	at org.apache.http.impl.conn.PoolingHttpClientConnectionManager.connect(PoolingHttpClientConnectionManager.java:353)
	at org.apache.http.impl.execchain.MainClientExec.establishRoute(MainClientExec.java:380)
	at org.apache.http.impl.execchain.MainClientExec.execute(MainClientExec.java:236)
	at org.apache.http.impl.execchain.ProtocolExec.execute(ProtocolExec.java:184)
	at org.apache.http.impl.execchain.RetryExec.execute(RetryExec.java:88)
	at org.apache.http.impl.execchain.RedirectExec.execute(RedirectExec.java:110)
	at org.apache.http.impl.client.InternalHttpClient.doExecute(InternalHttpClient.java:184)
	at org.apache.http.impl.client.CloseableHttpClient.execute(CloseableHttpClient.java:71)
	at org.apache.http.impl.client.CloseableHttpClient.execute(CloseableHttpClient.java:55)
	at org.openqa.selenium.remote.internal.ApacheHttpClient.fallBackExecute(ApacheHttpClient.java:139)
	at org.openqa.selenium.remote.internal.ApacheHttpClient.execute(ApacheHttpClient.java:87)
	at org.openqa.selenium.remote.ProtocolHandshake.createSession(ProtocolHandshake.java:343)
	at org.openqa.selenium.remote.ProtocolHandshake.createSession(ProtocolHandshake.java:159)
	at org.openqa.selenium.remote.HttpCommandExecutor.execute(HttpCommandExecutor.java:142)
	at org.openqa.selenium.remote.RemoteWebDriver.execute(RemoteWebDriver.java:637)
	... 37 more
Caused by: java.net.ConnectException: Connection refused: connect
	at java.net.DualStackPlainSocketImpl.waitForConnect(Native Method)
	at java.net.DualStackPlainSocketImpl.socketConnect(DualStackPlainSocketImpl.java:85)
	at java.net.AbstractPlainSocketImpl.doConnect(AbstractPlainSocketImpl.java:350)
	at java.net.AbstractPlainSocketImpl.connectToAddress(AbstractPlainSocketImpl.java:206)
	at java.net.AbstractPlainSocketImpl.connect(AbstractPlainSocketImpl.java:188)
	at java.net.PlainSocketImpl.connect(PlainSocketImpl.java:172)
	at java.net.SocksSocketImpl.connect(SocksSocketImpl.java:392)
	at java.net.Socket.connect(Socket.java:589)
	at org.apache.http.conn.socket.PlainConnectionSocketFactory.connectSocket(PlainConnectionSocketFactory.java:74)
	at org.apache.http.impl.conn.DefaultHttpClientConnectionOperator.connect(DefaultHttpClientConnectionOperator.java:134)
	... 52 more
2017-10-26 15:04:31 DriverPool [ERROR] Driver initialization 'default' FAILED for selenium: http://localhost:4444/wd/hub! Retry 2 of 3 time - Could not start a new session. Possible causes are invalid address of the remote server or browser start-up failure.
Build info: version: '3.4.0', revision: 'unknown', time: 'unknown'
System info: host: 'WIN-E7AMHRVO9MD', ip: '100.124.102.60', os.name: 'Windows 7', os.arch: 'x86', os.version: '6.1', java.version: '1.8.0_131'
Driver info: driver.version: RemoteWebDriver
org.openqa.selenium.remote.UnreachableBrowserException: Could not start a new session. Possible causes are invalid address of the remote server or browser start-up failure.
Build info: version: '3.4.0', revision: 'unknown', time: 'unknown'
System info: host: 'WIN-E7AMHRVO9MD', ip: '100.124.102.60', os.name: 'Windows 7', os.arch: 'x86', os.version: '6.1', java.version: '1.8.0_131'
Driver info: driver.version: RemoteWebDriver
	at org.openqa.selenium.remote.RemoteWebDriver.execute(RemoteWebDriver.java:658)
	at org.openqa.selenium.remote.RemoteWebDriver.startSession(RemoteWebDriver.java:250)
	at org.openqa.selenium.remote.RemoteWebDriver.startSession(RemoteWebDriver.java:236)
	at org.openqa.selenium.remote.RemoteWebDriver.<init>(RemoteWebDriver.java:137)
	at org.openqa.selenium.remote.RemoteWebDriver.<init>(RemoteWebDriver.java:174)
	at com.qaprosoft.carina.core.foundation.webdriver.core.factory.impl.DesktopFactory.create(DesktopFactory.java:43)
	at com.qaprosoft.carina.core.foundation.webdriver.DriverFactory.create(DriverFactory.java:110)
	at com.qaprosoft.carina.core.foundation.webdriver.DriverFactory.create(DriverFactory.java:96)
	at com.qaprosoft.carina.core.foundation.webdriver.DriverPool.createDriver(DriverPool.java:310)
	at com.qaprosoft.carina.core.foundation.webdriver.DriverPool.getDriver(DriverPool.java:147)
	at com.qaprosoft.carina.core.foundation.webdriver.DriverPool.getDriver(DriverPool.java:99)
	at com.qaprosoft.carina.core.foundation.AbstractTest.getDriver(AbstractTest.java:711)
	at com.qaprosoft.carina.core.foundation.AbstractTest.getDriver(AbstractTest.java:707)
	at com.qaprosoft.carina.demo.testAutoBaraholka.filterCars(testAutoBaraholka.java:34)
	at sun.reflect.NativeMethodAccessorImpl.invoke0(Native Method)
	at sun.reflect.NativeMethodAccessorImpl.invoke(NativeMethodAccessorImpl.java:62)
	at sun.reflect.DelegatingMethodAccessorImpl.invoke(DelegatingMethodAccessorImpl.java:43)
	at java.lang.reflect.Method.invoke(Method.java:498)
	at org.testng.internal.MethodInvocationHelper.invokeMethod(MethodInvocationHelper.java:84)
	at org.testng.internal.Invoker.invokeMethod(Invoker.java:714)
	at org.testng.internal.Invoker.invokeTestMethod(Invoker.java:901)
	at org.testng.internal.Invoker.invokeTestMethods(Invoker.java:1231)
	at org.testng.internal.TestMethodWorker.invokeTestMethods(TestMethodWorker.java:127)
	at org.testng.internal.TestMethodWorker.run(TestMethodWorker.java:111)
	at org.testng.TestRunner.privateRun(TestRunner.java:767)
	at org.testng.TestRunner.run(TestRunner.java:617)
	at org.testng.SuiteRunner.runTest(SuiteRunner.java:348)
	at org.testng.SuiteRunner.runSequentially(SuiteRunner.java:343)
	at org.testng.SuiteRunner.privateRun(SuiteRunner.java:305)
	at org.testng.SuiteRunner.run(SuiteRunner.java:254)
	at org.testng.SuiteRunnerWorker.runSuite(SuiteRunnerWorker.java:52)
	at org.testng.SuiteRunnerWorker.run(SuiteRunnerWorker.java:86)
	at org.testng.TestNG.runSuitesSequentially(TestNG.java:1224)
	at org.testng.TestNG.runSuitesLocally(TestNG.java:1149)
	at org.testng.TestNG.run(TestNG.java:1057)
	at org.testng.remote.AbstractRemoteTestNG.run(AbstractRemoteTestNG.java:114)
	at org.testng.remote.RemoteTestNG.initAndRun(RemoteTestNG.java:251)
	at org.testng.remote.RemoteTestNG.main(RemoteTestNG.java:77)
Caused by: org.apache.http.conn.HttpHostConnectException: Connect to localhost:4444 [localhost/127.0.0.1] failed: Connection refused: connect
	at org.apache.http.impl.conn.DefaultHttpClientConnectionOperator.connect(DefaultHttpClientConnectionOperator.java:151)
	at org.apache.http.impl.conn.PoolingHttpClientConnectionManager.connect(PoolingHttpClientConnectionManager.java:353)
	at org.apache.http.impl.execchain.MainClientExec.establishRoute(MainClientExec.java:380)
	at org.apache.http.impl.execchain.MainClientExec.execute(MainClientExec.java:236)
	at org.apache.http.impl.execchain.ProtocolExec.execute(ProtocolExec.java:184)
	at org.apache.http.impl.execchain.RetryExec.execute(RetryExec.java:88)
	at org.apache.http.impl.execchain.RedirectExec.execute(RedirectExec.java:110)
	at org.apache.http.impl.client.InternalHttpClient.doExecute(InternalHttpClient.java:184)
	at org.apache.http.impl.client.CloseableHttpClient.execute(CloseableHttpClient.java:71)
	at org.apache.http.impl.client.CloseableHttpClient.execute(CloseableHttpClient.java:55)
	at org.openqa.selenium.remote.internal.ApacheHttpClient.fallBackExecute(ApacheHttpClient.java:139)
	at org.openqa.selenium.remote.internal.ApacheHttpClient.execute(ApacheHttpClient.java:87)
	at org.openqa.selenium.remote.ProtocolHandshake.createSession(ProtocolHandshake.java:343)
	at org.openqa.selenium.remote.ProtocolHandshake.createSession(ProtocolHandshake.java:159)
	at org.openqa.selenium.remote.HttpCommandExecutor.execute(HttpCommandExecutor.java:142)
	at org.openqa.selenium.remote.RemoteWebDriver.execute(RemoteWebDriver.java:637)
	... 37 more
Caused by: java.net.ConnectException: Connection refused: connect
	at java.net.DualStackPlainSocketImpl.waitForConnect(Native Method)
	at java.net.DualStackPlainSocketImpl.socketConnect(DualStackPlainSocketImpl.java:85)
	at java.net.AbstractPlainSocketImpl.doConnect(AbstractPlainSocketImpl.java:350)
	at java.net.AbstractPlainSocketImpl.connectToAddress(AbstractPlainSocketImpl.java:206)
	at java.net.AbstractPlainSocketImpl.connect(AbstractPlainSocketImpl.java:188)
	at java.net.PlainSocketImpl.connect(PlainSocketImpl.java:172)
	at java.net.SocksSocketImpl.connect(SocksSocketImpl.java:392)
	at java.net.Socket.connect(Socket.java:589)
	at org.apache.http.conn.socket.PlainConnectionSocketFactory.connectSocket(PlainConnectionSocketFactory.java:74)
	at org.apache.http.impl.conn.DefaultHttpClientConnectionOperator.connect(DefaultHttpClientConnectionOperator.java:134)
	... 52 more
2017-10-26 15:04:33 DriverPool [ERROR] Driver initialization 'default' FAILED for selenium: http://localhost:4444/wd/hub! Retry 3 of 3 time - Could not start a new session. Possible causes are invalid address of the remote server or browser start-up failure.
Build info: version: '3.4.0', revision: 'unknown', time: 'unknown'
System info: host: 'WIN-E7AMHRVO9MD', ip: '100.124.102.60', os.name: 'Windows 7', os.arch: 'x86', os.version: '6.1', java.version: '1.8.0_131'
Driver info: driver.version: RemoteWebDriver
org.openqa.selenium.remote.UnreachableBrowserException: Could not start a new session. Possible causes are invalid address of the remote server or browser start-up failure.
Build info: version: '3.4.0', revision: 'unknown', time: 'unknown'
System info: host: 'WIN-E7AMHRVO9MD', ip: '100.124.102.60', os.name: 'Windows 7', os.arch: 'x86', os.version: '6.1', java.version: '1.8.0_131'
Driver info: driver.version: RemoteWebDriver
	at org.openqa.selenium.remote.RemoteWebDriver.execute(RemoteWebDriver.java:658)
	at org.openqa.selenium.remote.RemoteWebDriver.startSession(RemoteWebDriver.java:250)
	at org.openqa.selenium.remote.RemoteWebDriver.startSession(RemoteWebDriver.java:236)
	at org.openqa.selenium.remote.RemoteWebDriver.<init>(RemoteWebDriver.java:137)
	at org.openqa.selenium.remote.RemoteWebDriver.<init>(RemoteWebDriver.java:174)
	at com.qaprosoft.carina.core.foundation.webdriver.core.factory.impl.DesktopFactory.create(DesktopFactory.java:43)
	at com.qaprosoft.carina.core.foundation.webdriver.DriverFactory.create(DriverFactory.java:110)
	at com.qaprosoft.carina.core.foundation.webdriver.DriverFactory.create(DriverFactory.java:96)
	at com.qaprosoft.carina.core.foundation.webdriver.DriverPool.createDriver(DriverPool.java:310)
	at com.qaprosoft.carina.core.foundation.webdriver.DriverPool.getDriver(DriverPool.java:147)
	at com.qaprosoft.carina.core.foundation.webdriver.DriverPool.getDriver(DriverPool.java:99)
	at com.qaprosoft.carina.core.foundation.AbstractTest.getDriver(AbstractTest.java:711)
	at com.qaprosoft.carina.core.foundation.AbstractTest.getDriver(AbstractTest.java:707)
	at com.qaprosoft.carina.demo.testAutoBaraholka.filterCars(testAutoBaraholka.java:34)
	at sun.reflect.NativeMethodAccessorImpl.invoke0(Native Method)
	at sun.reflect.NativeMethodAccessorImpl.invoke(NativeMethodAccessorImpl.java:62)
	at sun.reflect.DelegatingMethodAccessorImpl.invoke(DelegatingMethodAccessorImpl.java:43)
	at java.lang.reflect.Method.invoke(Method.java:498)
	at org.testng.internal.MethodInvocationHelper.invokeMethod(MethodInvocationHelper.java:84)
	at org.testng.internal.Invoker.invokeMethod(Invoker.java:714)
	at org.testng.internal.Invoker.invokeTestMethod(Invoker.java:901)
	at org.testng.internal.Invoker.invokeTestMethods(Invoker.java:1231)
	at org.testng.internal.TestMethodWorker.invokeTestMethods(TestMethodWorker.java:127)
	at org.testng.internal.TestMethodWorker.run(TestMethodWorker.java:111)
	at org.testng.TestRunner.privateRun(TestRunner.java:767)
	at org.testng.TestRunner.run(TestRunner.java:617)
	at org.testng.SuiteRunner.runTest(SuiteRunner.java:348)
	at org.testng.SuiteRunner.runSequentially(SuiteRunner.java:343)
	at org.testng.SuiteRunner.privateRun(SuiteRunner.java:305)
	at org.testng.SuiteRunner.run(SuiteRunner.java:254)
	at org.testng.SuiteRunnerWorker.runSuite(SuiteRunnerWorker.java:52)
	at org.testng.SuiteRunnerWorker.run(SuiteRunnerWorker.java:86)
	at org.testng.TestNG.runSuitesSequentially(TestNG.java:1224)
	at org.testng.TestNG.runSuitesLocally(TestNG.java:1149)
	at org.testng.TestNG.run(TestNG.java:1057)
	at org.testng.remote.AbstractRemoteTestNG.run(AbstractRemoteTestNG.java:114)
	at org.testng.remote.RemoteTestNG.initAndRun(RemoteTestNG.java:251)
	at org.testng.remote.RemoteTestNG.main(RemoteTestNG.java:77)
Caused by: org.apache.http.conn.HttpHostConnectException: Connect to localhost:4444 [localhost/127.0.0.1] failed: Connection refused: connect
	at org.apache.http.impl.conn.DefaultHttpClientConnectionOperator.connect(DefaultHttpClientConnectionOperator.java:151)
	at org.apache.http.impl.conn.PoolingHttpClientConnectionManager.connect(PoolingHttpClientConnectionManager.java:353)
	at org.apache.http.impl.execchain.MainClientExec.establishRoute(MainClientExec.java:380)
	at org.apache.http.impl.execchain.MainClientExec.execute(MainClientExec.java:236)
	at org.apache.http.impl.execchain.ProtocolExec.execute(ProtocolExec.java:184)
	at org.apache.http.impl.execchain.RetryExec.execute(RetryExec.java:88)
	at org.apache.http.impl.execchain.RedirectExec.execute(RedirectExec.java:110)
	at org.apache.http.impl.client.InternalHttpClient.doExecute(InternalHttpClient.java:184)
	at org.apache.http.impl.client.CloseableHttpClient.execute(CloseableHttpClient.java:71)
	at org.apache.http.impl.client.CloseableHttpClient.execute(CloseableHttpClient.java:55)
	at org.openqa.selenium.remote.internal.ApacheHttpClient.fallBackExecute(ApacheHttpClient.java:139)
	at org.openqa.selenium.remote.internal.ApacheHttpClient.execute(ApacheHttpClient.java:87)
	at org.openqa.selenium.remote.ProtocolHandshake.createSession(ProtocolHandshake.java:343)
	at org.openqa.selenium.remote.ProtocolHandshake.createSession(ProtocolHandshake.java:159)
	at org.openqa.selenium.remote.HttpCommandExecutor.execute(HttpCommandExecutor.java:142)
	at org.openqa.selenium.remote.RemoteWebDriver.execute(RemoteWebDriver.java:637)
	... 37 more
Caused by: java.net.ConnectException: Connection refused: connect
	at java.net.DualStackPlainSocketImpl.waitForConnect(Native Method)
	at java.net.DualStackPlainSocketImpl.socketConnect(DualStackPlainSocketImpl.java:85)
	at java.net.AbstractPlainSocketImpl.doConnect(AbstractPlainSocketImpl.java:350)
	at java.net.AbstractPlainSocketImpl.connectToAddress(AbstractPlainSocketImpl.java:206)
	at java.net.AbstractPlainSocketImpl.connect(AbstractPlainSocketImpl.java:188)
	at java.net.PlainSocketImpl.connect(PlainSocketImpl.java:172)
	at java.net.SocksSocketImpl.connect(SocksSocketImpl.java:392)
	at java.net.Socket.connect(Socket.java:589)
	at org.apache.http.conn.socket.PlainConnectionSocketFactory.connectSocket(PlainConnectionSocketFactory.java:74)
	at org.apache.http.impl.conn.DefaultHttpClientConnectionOperator.connect(DefaultHttpClientConnectionOperator.java:134)
	... 52 more
2017-10-26 15:04:34 Messager [INFO] 
INFO: TEST [AB0001 - Default test - filterCars] FAILED at [15:04:34 2017-10-26] - org.openqa.selenium.remote.UnreachableBrowserException: Could not start a new session. Possible causes are invalid address of the remote server or browser start-up failure.
Build info: version: '3.4.0', revision: 'unknown', time: 'unknown'
System info: host: 'WIN-E7AMHRVO9MD', ip: '100.124.102.60', os.name: 'Windows 7', os.arch: 'x86', os.version: '6.1', java.version: '1.8.0_131'
Driver info: driver.version: RemoteWebDriver

com.qaprosoft.carina.core.foundation.webdriver.DriverPool.createDriver(DriverPool.java:335)
com.qaprosoft.carina.core.foundation.webdriver.DriverPool.getDriver(DriverPool.java:147)
com.qaprosoft.carina.core.foundation.webdriver.DriverPool.getDriver(DriverPool.java:99)
com.qaprosoft.carina.core.foundation.AbstractTest.getDriver(AbstractTest.java:711)
com.qaprosoft.carina.core.foundation.AbstractTest.getDriver(AbstractTest.java:707)
com.qaprosoft.carina.demo.testAutoBaraholka.filterCars(testAutoBaraholka.java:34)
sun.reflect.NativeMethodAccessorImpl.invoke0(Native Method)
sun.reflect.NativeMethodAccessorImpl.invoke(NativeMethodAccessorImpl.java:62)
sun.reflect.DelegatingMethodAccessorImpl.invoke(DelegatingMethodAccessorImpl.java:43)
java.lang.reflect.Method.invoke(Method.java:498)
org.testng.internal.MethodInvocationHelper.invokeMethod(MethodInvocationHelper.java:84)
org.testng.internal.Invoker.invokeMethod(Invoker.java:714)
org.testng.internal.Invoker.invokeTestMethod(Invoker.java:901)
org.testng.internal.Invoker.invokeTestMethods(Invoker.java:1231)
org.testng.internal.TestMethodWorker.invokeTestMethods(TestMethodWorker.java:127)
org.testng.internal.TestMethodWorker.run(TestMethodWorker.java:111)
org.testng.TestRunner.privateRun(TestRunner.java:767)
org.testng.TestRunner.run(TestRunner.java:617)
org.testng.SuiteRunner.runTest(SuiteRunner.java:348)
org.testng.SuiteRunner.runSequentially(SuiteRunner.java:343)
org.testng.SuiteRunner.privateRun(SuiteRunner.java:305)
org.testng.SuiteRunner.run(SuiteRunner.java:254)
org.testng.SuiteRunnerWorker.runSuite(SuiteRunnerWorker.java:52)
org.testng.SuiteRunnerWorker.run(SuiteRunnerWorker.java:86)
org.testng.TestNG.runSuitesSequentially(TestNG.java:1224)
org.testng.TestNG.runSuitesLocally(TestNG.java:1149)
org.testng.TestNG.run(TestNG.java:1057)
org.testng.remote.AbstractRemoteTestNG.run(AbstractRemoteTestNG.java:114)
org.testng.remote.RemoteTestNG.initAndRun(RemoteTestNG.java:251)
org.testng.remote.RemoteTestNG.main(RemoteTestNG.java:77)
======================================================================================================================================
2017-10-26 15:04:35 Messager [INFO] INFO: '**************** Test execution summary ****************'.
2017-10-26 15:04:35 Messager [INFO] RESULT #1: TEST [AB0001 - Default test - filterCars] FAIL [log=file://C:\Users\natti\workspace\carina-demo-onliner\.\reports\qa\1509023060602/AB0001_-_Default_test_-_filterCars/test.log]
2017-10-26 15:06:25 AbstractTest [INFO] 
============= Test configuration =============
url=http://www.qaprosoft.com
env=DEMO
env_arg_resolver=com.qaprosoft.carina.core.foundation.utils.DefaultEnvArgResolver
develop=false
platform=*
browser=chrome
browser_version=*
selenium_host=http://localhost:4444/wd/hub
driver_mode=method_mode
max_driver_count=3
custom_capabilities=
extra_capabilities=
app_version=
proxy_host=
proxy_port=
proxy_protocols=http,https,ftp
browsermob_proxy=false
browsermob_port=0
proxy_set_to_system=true
report_url=
email_list=
failure_email_list=
track_known_issues=false
auto_screenshot=true
smart_screenshot=false
implicit_timeout=10
explicit_timeout=20
auto_download=false
auto_download_apps=
retry_interval=5
project_report_directory=./reports/qa
max_screen_history=10
result_sorting=true
keep_all_screenshots=false
big_screen_width=-1
big_screen_height=-1
small_screen_width=90
small_screen_height=60
sender_email=
sender_pswd=
init_retry_count=2
init_retry_interval=1
retry_count=0
enable_l10n=true
locale=en_US
enable_i18n=true
language=en_US
thread_count=1
data_provider_thread_count=-1
core_log_level=INFO
log_all_json=true
date_format=HH:mm:ss yyyy-MM-dd
time_format=HH:mm:ss
is_api=false
load_settings=1-1-1
suite_name=
ci_run_id=
ci_url=http://localhost:8080/job/carina-demo
ci_build=1
ci_build_cause=MANUALTRIGGER
ci_parent_url=
ci_parent_build=
ci_user_id=
ci_user_first_name=
ci_user_last_name=
ci_user_email=
jira_updater=com.qaprosoft.carina.core.foundation.jira.DefaultJiraUpdater
jira_url=
jira_user=
jira_password=
jira_suite_id=
jira_project=
jira_project_short=
jira_create_new_ticket=false
mobile_app_preupgrade=
mobile_app_uninstall=FALSE
mobile_app_install=FALSE
mobile_app_clear_cache=FALSE
mobile_appium_restart=FALSE
mobile_tools_home=/opt/tools/selenium
mobile_screen_switcher=false
video_recording=false
adb_host=
adb_port=
testrail_url=
testrail_user=
testrail_password=
testrail_updater=com.qaprosoft.carina.core.foundation.report.testrail.EmptyTestRailUpdater
testrail_milestone=
testrail_assignee=
git_branch=
git_commit=
git_url=
unique_testrun_fields=
s3_bucket_name=
access_key_id=
secret_key=
s3_local_storage=.
s3_screenshot_bucket_name=
s3_save_screenshots=FALSE
hockeyapp_token=
hockeyapp_local_storage=.
add_new_localization=false
add_new_localization_path=
add_new_localization_property_name=new_custom_messages_
cucumber_tests=
cucumber_tests_app_version=
cucumber_tests_name=
cucumber_tests_results_image_resize=30
cucumber_user_js_in_report=
cucumber_report_subfolder=cucumber-html-reports
tls_keysecure_location=
health_check_class=
health_check_methods=

------------- Driver capabilities -----------
================================================

2017-10-26 15:06:29 Messager [INFO] 
======================================================================================================================================
INFO: TEST [AB0001 - Default test - filterCars] STARTED at [15:06:29 2017-10-26]
2017-10-26 15:07:11 Messager [INFO] INFO: url 'https://www.onliner.by/' is opened.
2017-10-26 15:07:42 DriverHelper [WARN] Actual URL differs from expected one. Expected 'https://www.onliner.by/' but found 'https://auto.onliner.by/2017/10/26/minsk-1145'
2017-10-26 15:08:43 AbstractTest [INFO] 
============= Test configuration =============
url=http://www.qaprosoft.com
env=DEMO
env_arg_resolver=com.qaprosoft.carina.core.foundation.utils.DefaultEnvArgResolver
develop=false
platform=*
browser=chrome
browser_version=*
selenium_host=http://localhost:4444/wd/hub
driver_mode=method_mode
max_driver_count=3
custom_capabilities=
extra_capabilities=
app_version=
proxy_host=
proxy_port=
proxy_protocols=http,https,ftp
browsermob_proxy=false
browsermob_port=0
proxy_set_to_system=true
report_url=
email_list=
failure_email_list=
track_known_issues=false
auto_screenshot=true
smart_screenshot=false
implicit_timeout=10
explicit_timeout=20
auto_download=false
auto_download_apps=
retry_interval=5
project_report_directory=./reports/qa
max_screen_history=10
result_sorting=true
keep_all_screenshots=false
big_screen_width=-1
big_screen_height=-1
small_screen_width=90
small_screen_height=60
sender_email=
sender_pswd=
init_retry_count=2
init_retry_interval=1
retry_count=0
enable_l10n=true
locale=en_US
enable_i18n=true
language=en_US
thread_count=1
data_provider_thread_count=-1
core_log_level=INFO
log_all_json=true
date_format=HH:mm:ss yyyy-MM-dd
time_format=HH:mm:ss
is_api=false
load_settings=1-1-1
suite_name=
ci_run_id=
ci_url=http://localhost:8080/job/carina-demo
ci_build=1
ci_build_cause=MANUALTRIGGER
ci_parent_url=
ci_parent_build=
ci_user_id=
ci_user_first_name=
ci_user_last_name=
ci_user_email=
jira_updater=com.qaprosoft.carina.core.foundation.jira.DefaultJiraUpdater
jira_url=
jira_user=
jira_password=
jira_suite_id=
jira_project=
jira_project_short=
jira_create_new_ticket=false
mobile_app_preupgrade=
mobile_app_uninstall=FALSE
mobile_app_install=FALSE
mobile_app_clear_cache=FALSE
mobile_appium_restart=FALSE
mobile_tools_home=/opt/tools/selenium
mobile_screen_switcher=false
video_recording=false
adb_host=
adb_port=
testrail_url=
testrail_user=
testrail_password=
testrail_updater=com.qaprosoft.carina.core.foundation.report.testrail.EmptyTestRailUpdater
testrail_milestone=
testrail_assignee=
git_branch=
git_commit=
git_url=
unique_testrun_fields=
s3_bucket_name=
access_key_id=
secret_key=
s3_local_storage=.
s3_screenshot_bucket_name=
s3_save_screenshots=FALSE
hockeyapp_token=
hockeyapp_local_storage=.
add_new_localization=false
add_new_localization_path=
add_new_localization_property_name=new_custom_messages_
cucumber_tests=
cucumber_tests_app_version=
cucumber_tests_name=
cucumber_tests_results_image_resize=30
cucumber_user_js_in_report=
cucumber_report_subfolder=cucumber-html-reports
tls_keysecure_location=
health_check_class=
health_check_methods=

------------- Driver capabilities -----------
================================================

2017-10-26 15:08:49 Messager [INFO] 
======================================================================================================================================
INFO: TEST [AB0001 - Default test - filterCars] STARTED at [15:08:49 2017-10-26]
2017-10-26 15:09:15 Messager [INFO] INFO: url 'https://www.onliner.by/' is opened.
2017-10-26 15:09:38 Messager [INFO] PASS: element 'autobaraholkaLink' is clicked.
2017-10-26 15:09:44 Messager [INFO] PASS: index '1' was selected in 'selectCountry'.
2017-10-26 15:09:48 Messager [INFO] PASS: index '5' was selected in 'selectRegion'.
2017-10-26 15:09:52 Messager [INFO] PASS: index '1' was selected in 'selectCity'.
2017-10-26 15:09:55 Messager [INFO] PASS: index '4' was selected in 'selectManufacture'.
2017-10-26 15:09:59 Messager [INFO] PASS: text '2009' was selected in 'minYear'.
2017-10-26 15:10:03 Messager [INFO] PASS: text '2015' was selected in 'maxYear'.
2017-10-26 15:10:08 Messager [INFO] PASS: element 'transmission' is clicked.
2017-10-26 15:10:24 Messager [INFO] PASS: element 'listCarLinks' is clicked.
2017-10-26 15:10:28 Messager [INFO] 
INFO: TEST [AB0001 - Default test - filterCars] PASSED at [15:10:28 2017-10-26] 
======================================================================================================================================
2017-10-26 15:10:48 DriverPool [WARN] Error discovered during driver quit: Error communicating with the remote browser. It may have died.
Build info: version: '2.53.1', revision: 'a36b8b1', time: '2016-06-30 17:37:03'
System info: host: 'WIN-E7AMHRVO9MD', ip: '100.124.102.60', os.name: 'Windows 7', os.arch: 'x86', os.version: '6.1', java.version: '1.8.0_151'
Driver info: driver.version: EventFiringWebDriver
Capabilities [{applicationCacheEnabled=false, rotatable=false, mobileEmulationEnabled=false, networkConnectionEnabled=false, chrome={chromedriverVersion=2.33.506120 (e3e53437346286c0bc2d2dc9aa4915ba81d9023f), userDataDir=C:\Users\natti\AppData\Local\Temp\scoped_dir3060_5608}, takesHeapSnapshot=true, pageLoadStrategy=normal, databaseEnabled=false, handlesAlerts=true, hasTouchScreen=false, version=62.0.3202.62, platform=XP, browserConnectionEnabled=false, nativeEvents=true, acceptSslCerts=true, locationContextEnabled=true, webStorageEnabled=true, browserName=chrome, takesScreenshot=true, javascriptEnabled=true, cssSelectorsEnabled=true, setWindowRect=true, unexpectedAlertBehaviour=}]
Session ID: 4f5a1242c59859ab27eaecaba61be175
Command duration or timeout: 19.02 seconds
2017-10-26 15:10:50 Messager [INFO] INFO: '**************** Test execution summary ****************'.
2017-10-26 15:10:50 Messager [INFO] RESULT #1: TEST [AB0001 - Default test - filterCars] PASS [log=file://C:\Users\natti\workspace\carina-demo-onliner\.\reports\qa\1509023323663/AB0001_-_Default_test_-_filterCars/test.log]
